TN:
SF:src/components/loader/Loader.view.tsx
FN:4,(anonymous_0)
FNF:1
FNH:1
FNDA:1,(anonymous_0)
DA:4,1
DA:6,1
LF:2
LH:2
BRF:0
BRH:0
end_of_record
TN:
SF:src/components/repoDetails/RepoDetails.view.tsx
FN:6,(anonymous_0)
FN:31,(anonymous_1)
FNF:2
FNH:2
FNDA:3,(anonymous_0)
FNDA:1,(anonymous_1)
DA:6,1
DA:8,3
DA:9,3
DA:11,3
DA:13,3
DA:31,1
LF:6
LH:6
BRDA:11,0,0,3
BRDA:11,0,1,0
BRDA:17,1,0,3
BRDA:17,1,1,2
BRDA:19,2,0,3
BRDA:19,2,1,2
BRDA:21,3,0,3
BRDA:21,3,1,2
BRDA:23,4,0,3
BRDA:23,4,1,2
BRDA:25,5,0,3
BRDA:25,5,1,2
BRDA:27,6,0,3
BRDA:27,6,1,2
BRDA:29,7,0,3
BRDA:29,7,1,2
BRF:16
BRH:15
end_of_record
TN:
SF:src/components/repoList/RepoList.view.tsx
FN:9,(anonymous_0)
FN:19,(anonymous_1)
FNF:2
FNH:2
FNDA:3,(anonymous_0)
FNDA:2,(anonymous_1)
DA:9,1
DA:11,3
DA:13,3
DA:20,2
LF:4
LH:4
BRDA:16,0,0,1
BRDA:16,0,1,2
BRF:2
BRH:2
end_of_record
TN:
SF:src/components/repoList/useRepoList.ts
FN:4,(anonymous_0)
FN:10,(anonymous_1)
FN:23,(anonymous_2)
FNF:3
FNH:3
FNDA:11,(anonymous_0)
FNDA:3,(anonymous_1)
FNDA:4,(anonymous_2)
DA:4,2
DA:6,11
DA:7,11
DA:8,11
DA:10,11
DA:11,3
DA:12,3
DA:13,3
DA:14,2
DA:15,2
DA:16,2
DA:18,1
DA:20,3
DA:23,11
DA:25,4
DA:27,4
DA:28,2
DA:29,2
DA:30,2
DA:32,2
DA:33,1
DA:35,1
DA:38,0
DA:39,0
DA:42,2
DA:46,11
LF:26
LH:24
BRDA:27,0,0,2
BRDA:27,0,1,2
BRDA:32,1,0,1
BRDA:32,1,1,1
BRF:4
BRH:4
end_of_record
